warning: method `health_check` is never used
  --> crates/witness-gateway/src/witness_client.rs:58:18
   |
10 | impl WitnessClient {
   | ------------------ method in this implementation
...
58 |     pub async fn health_check(&self, witness: &WitnessInfo) -> bool {
   |                  ^^^^^^^^^^^^
   |
   = note: `#[warn(dead_code)]` (part of `#[warn(unused)]`) on by default

warning: `witness-gateway` (bin "witness-gateway") generated 1 warning
    Finished `release` profile [optimized] target(s) in 0.08s
     Running `target/release/witness-gateway --config /Users/sibyl/dev/witness/examples/network.json --port 8080 --database /Users/sibyl/dev/witness/examples/gateway.db`
[2m2025-11-26T17:40:43.986918Z[0m [32m INFO[0m [2mwitness_gateway[0m[2m:[0m Loaded network configuration: example-network
[2m2025-11-26T17:40:43.987062Z[0m [32m INFO[0m [2mwitness_gateway[0m[2m:[0m Witnesses: 3
[2m2025-11-26T17:40:43.987071Z[0m [32m INFO[0m [2mwitness_gateway[0m[2m:[0m Threshold: 2
[2m2025-11-26T17:40:43.990007Z[0m [32m INFO[0m [2mwitness_gateway[0m[2m:[0m Database initialized: "/Users/sibyl/dev/witness/examples/gateway.db"
[2m2025-11-26T17:40:43.994478Z[0m [32m INFO[0m [2mwitness_gateway::server[0m[2m:[0m Gateway listening on 0.0.0.0:8080
[2m2025-11-26T17:41:01.205479Z[0m [32m INFO[0m [2mwitness_gateway::server[0m[2m:[0m Received timestamp request for hash: 0438ea06f2dc72b61101ec4735608f8f22a5cd7549df28dadb91fdd73639d858
[2m2025-11-26T17:41:01.207822Z[0m [32m INFO[0m [2mwitness_gateway::server[0m[2m:[0m Got signature from witness: witness-2
[2m2025-11-26T17:41:01.208227Z[0m [32m INFO[0m [2mwitness_gateway::server[0m[2m:[0m Got signature from witness: witness-3
[2m2025-11-26T17:41:01.208320Z[0m [32m INFO[0m [2mwitness_gateway::server[0m[2m:[0m Got signature from witness: witness-1
[2m2025-11-26T17:41:01.208328Z[0m [32m INFO[0m [2mwitness_gateway::server[0m[2m:[0m Collected 3 signatures (threshold: 2)
[2m2025-11-26T17:41:01.208496Z[0m [32m INFO[0m [2mwitness_gateway::server[0m[2m:[0m Verified 3 signatures
[2m2025-11-26T17:41:01.210599Z[0m [32m INFO[0m [2mwitness_gateway::server[0m[2m:[0m Successfully timestamped hash 0438ea06f2dc72b61101ec4735608f8f22a5cd7549df28dadb91fdd73639d858 with sequence 2
[2m2025-11-26T17:41:01.958161Z[0m [32m INFO[0m [2mwitness_gateway::server[0m[2m:[0m Verifying attestation for hash: 0438ea06f2dc72b61101ec4735608f8f22a5cd7549df28dadb91fdd73639d858
